<?xml version="1.0" encoding="UTF-8"?>
<!-- Generated by org.testng.reporters.JUnitReportReporter -->
<testsuite hostname="AFZAL" failures="0" tests="1" name="testCases.TC001_LoginTest" time="1.862" errors="0" timestamp="2024-09-16T18:24:40 IST" skipped="0">
  <testcase classname="testCases.TC001_LoginTest" name="LoginTest" time="1.862"/>
</testsuite> <!-- testCases.TC001_LoginTest -->
