<?xml version="1.0" encoding="UTF-8"?>
<!-- Generated by org.testng.reporters.JUnitReportReporter -->
<testsuite hostname="AFZAL" failures="0" tests="1" name="testCases.TC002_Admin_addUser" time="22.256" errors="0" timestamp="2024-09-16T18:26:21 IST" skipped="0">
  <testcase classname="testCases.TC002_Admin_addUser" name="addUserTest" time="22.256"/>
</testsuite> <!-- testCases.TC002_Admin_addUser -->
