<?xml version="1.0" encoding="UTF-8"?>
<!-- Generated by org.testng.reporters.JUnitReportReporter -->
<testsuite hostname="AFZAL" failures="0" tests="1" name="test" time="5.407" errors="0" timestamp="2024-09-14T15:52:24 IST" skipped="0">
  <testcase classname="test" name="orange" time="5.407"/>
</testsuite> <!-- test -->
