<?xml version="1.0" encoding="UTF-8"?>
<!-- Generated by org.testng.reporters.JUnitReportReporter -->
<testsuite hostname="AFZAL" failures="0" tests="1" name="testCases.TC001_LoginTest" time="1.853" errors="0" timestamp="2024-09-17T15:24:57 IST" skipped="0">
  <testcase classname="testCases.TC001_LoginTest" name="LoginTest" time="1.853"/>
</testsuite> <!-- testCases.TC001_LoginTest -->
